#! /usr/local/iverilog/bin/vvp
:ivl_version "11.0 (devel)" "(s20150603-642-g3bdb50da)";
:ivl_delay_selection "TYPICAL";
:vpi_time_precision + 0;
:vpi_module "system";
:vpi_module "vhdl_sys";
:vpi_module "vhdl_textio";
:vpi_module "v2005_math";
:vpi_module "va_math";
:vpi_module "v2009";
S_00000000008fae40 .scope package, "$unit" "$unit" 2 1;
 .timescale 0 0;
S_00000000008fb700 .scope module, "testbench" "testbench" 3 1;
 .timescale 0 0;
v00000000010c3de0_0 .var "A", 0 0;
v00000000010714e0_0 .var "B", 0 0;
v0000000001070b80_0 .var "C", 0 0;
v0000000001071260_0 .net "Y", 0 0, L_0000000001071a70;  1 drivers
S_0000000001075680 .scope module, "U2" "tabla_1" 3 6, 4 1 0, S_00000000008fb700;
 .timescale 0 0;
    .port_info 0 /INPUT 1 "A";
    .port_info 1 /INPUT 1 "B";
    .port_info 2 /INPUT 1 "C";
    .port_info 3 /OUTPUT 1 "Y";
L_00000000010748b0 .functor NOT 1, v00000000010714e0_0, C4<0>, C4<0>, C4<0>;
L_00000000008fb890 .functor AND 1, v00000000010c3de0_0, L_00000000010748b0, C4<1>, C4<1>;
L_00000000010c3e80 .functor AND 1, L_00000000008fb890, v0000000001070b80_0, C4<1>, C4<1>;
L_00000000010c3ef0 .functor AND 1, v00000000010c3de0_0, v00000000010714e0_0, C4<1>, C4<1>;
L_00000000010c3f60 .functor NOT 1, v0000000001070b80_0, C4<0>, C4<0>, C4<0>;
L_0000000001071780 .functor AND 1, L_00000000010c3ef0, L_00000000010c3f60, C4<1>, C4<1>;
L_00000000010717f0 .functor OR 1, L_00000000010c3e80, L_0000000001071780, C4<0>, C4<0>;
L_0000000001071860 .functor AND 1, v00000000010c3de0_0, v00000000010714e0_0, C4<1>, C4<1>;
L_00000000010718d0 .functor AND 1, L_0000000001071860, v0000000001070b80_0, C4<1>, C4<1>;
L_0000000001071a70 .functor OR 1, L_00000000010717f0, L_00000000010718d0, C4<0>, C4<0>;
v0000000001075810_0 .net "A", 0 0, v00000000010c3de0_0;  1 drivers
v00000000010758b0_0 .net "B", 0 0, v00000000010714e0_0;  1 drivers
v0000000001075950_0 .net "C", 0 0, v0000000001070b80_0;  1 drivers
v00000000010759f0_0 .net "Y", 0 0, L_0000000001071a70;  alias, 1 drivers
v00000000010c3840_0 .net *"_s0", 0 0, L_00000000010748b0;  1 drivers
v00000000010c38e0_0 .net *"_s10", 0 0, L_0000000001071780;  1 drivers
v00000000010c3980_0 .net *"_s12", 0 0, L_00000000010717f0;  1 drivers
v00000000010c3a20_0 .net *"_s14", 0 0, L_0000000001071860;  1 drivers
v00000000010c3ac0_0 .net *"_s16", 0 0, L_00000000010718d0;  1 drivers
v00000000010c3b60_0 .net *"_s2", 0 0, L_00000000008fb890;  1 drivers
v00000000010c3c00_0 .net *"_s4", 0 0, L_00000000010c3e80;  1 drivers
v00000000010c3ca0_0 .net *"_s6", 0 0, L_00000000010c3ef0;  1 drivers
v00000000010c3d40_0 .net *"_s8", 0 0, L_00000000010c3f60;  1 drivers
    .scope S_00000000008fb700;
T_0 ;
    %delay 30, 0;
    %vpi_call/w 3 10 "$display", "A B C | Y" {0 0 0};
    %vpi_call/w 3 11 "$display", "------|--" {0 0 0};
    %vpi_call/w 3 12 "$monitor", "%b %b %b | %b", v00000000010c3de0_0, v00000000010714e0_0, v0000000001070b80_0, v0000000001071260_0 {0 0 0};
    %pushi/vec4 0, 0, 1;
    %store/vec4 v00000000010c3de0_0, 0, 1;
    %pushi/vec4 0, 0, 1;
    %store/vec4 v00000000010714e0_0, 0, 1;
    %pushi/vec4 0, 0, 1;
    %store/vec4 v0000000001070b80_0, 0, 1;
    %delay 1, 0;
    %pushi/vec4 0, 0, 1;
    %store/vec4 v00000000010c3de0_0, 0, 1;
    %pushi/vec4 0, 0, 1;
    %store/vec4 v00000000010714e0_0, 0, 1;
    %pushi/vec4 1, 0, 1;
    %store/vec4 v0000000001070b80_0, 0, 1;
    %delay 1, 0;
    %pushi/vec4 0, 0, 1;
    %store/vec4 v00000000010c3de0_0, 0, 1;
    %pushi/vec4 1, 0, 1;
    %store/vec4 v00000000010714e0_0, 0, 1;
    %pushi/vec4 0, 0, 1;
    %store/vec4 v0000000001070b80_0, 0, 1;
    %delay 1, 0;
    %pushi/vec4 0, 0, 1;
    %store/vec4 v00000000010c3de0_0, 0, 1;
    %pushi/vec4 1, 0, 1;
    %store/vec4 v00000000010714e0_0, 0, 1;
    %pushi/vec4 1, 0, 1;
    %store/vec4 v0000000001070b80_0, 0, 1;
    %delay 1, 0;
    %pushi/vec4 1, 0, 1;
    %store/vec4 v00000000010c3de0_0, 0, 1;
    %pushi/vec4 0, 0, 1;
    %store/vec4 v00000000010714e0_0, 0, 1;
    %pushi/vec4 0, 0, 1;
    %store/vec4 v0000000001070b80_0, 0, 1;
    %delay 1, 0;
    %pushi/vec4 1, 0, 1;
    %store/vec4 v00000000010c3de0_0, 0, 1;
    %pushi/vec4 0, 0, 1;
    %store/vec4 v00000000010714e0_0, 0, 1;
    %pushi/vec4 1, 0, 1;
    %store/vec4 v0000000001070b80_0, 0, 1;
    %delay 1, 0;
    %pushi/vec4 1, 0, 1;
    %store/vec4 v00000000010c3de0_0, 0, 1;
    %pushi/vec4 1, 0, 1;
    %store/vec4 v00000000010714e0_0, 0, 1;
    %pushi/vec4 0, 0, 1;
    %store/vec4 v0000000001070b80_0, 0, 1;
    %delay 1, 0;
    %pushi/vec4 1, 0, 1;
    %store/vec4 v00000000010c3de0_0, 0, 1;
    %pushi/vec4 1, 0, 1;
    %store/vec4 v00000000010714e0_0, 0, 1;
    %pushi/vec4 1, 0, 1;
    %store/vec4 v0000000001070b80_0, 0, 1;
    %end;
    .thread T_0;
    .scope S_00000000008fb700;
T_1 ;
    %delay 50, 0;
    %vpi_call/w 3 24 "$finish" {0 0 0};
    %end;
    .thread T_1;
    .scope S_00000000008fb700;
T_2 ;
    %vpi_call/w 3 27 "$dumpfile", "SOP_tb.vcd" {0 0 0};
    %vpi_call/w 3 28 "$dumpvars", 32'sb00000000000000000000000000000000, S_00000000008fb700 {0 0 0};
    %end;
    .thread T_2;
# The file index is used to find the file name in the following table.
:file_names 5;
    "N/A";
    "<interactive>";
    "-";
    "SOP_tb.v";
    "SOP.v";
